<?xml version="1.0" encoding="UTF-8"?>
<!-- Generated by org.testng.reporters.JUnitXMLReporter -->
<testsuite ignored="1" hostname="DESKTOP-47P2MTB" failures="0" tests="1" name="Default test" time="49.065" errors="0" timestamp="2024-08-06T02:13:29 IST">
  <testcase classname="testCase.SwagLabs2InventoryPageTest" name="verifyUserIsAbleToNavigateToSocialMediaSites" time="40.613"/>
  <testcase classname="testCase.SwagLabs2InventoryPageTest" name="verifySortFunctionality" time="0.0">
    <ignored/>
  </testcase> <!-- verifySortFunctionality -->
</testsuite> <!-- Default test -->
